2020-05-22 15:20:18.477  INFO 3060 --- [main] c.e.s.SpringbootLogApplication           : Starting SpringbootLogApplication on DESKTOP-JHJVA51 with PID 3060 (C:\Users\fyb\Desktop\spring-all\springboot-log\target\classes started by fyb in C:\Users\fyb\Desktop\spring-all\springboot-log)
2020-05-22 15:20:18.479  INFO 3060 --- [main] c.e.s.SpringbootLogApplication           : No active profile set, falling back to default profiles: default
2020-05-22 15:20:19.230  INFO 3060 --- [main] o.s.b.w.embedded.tomcat.TomcatWebServer  : Tomcat initialized with port(s): 8080 (http)
2020-05-22 15:20:19.238  INFO 3060 --- [main] o.apache.catalina.core.StandardService   : Starting service [Tomcat]
2020-05-22 15:20:19.239  INFO 3060 --- [main] org.apache.catalina.core.StandardEngine  : Starting Servlet engine: [Apache Tomcat/9.0.35]
2020-05-22 15:20:19.340  INFO 3060 --- [main] o.a.c.c.C.[Tomcat].[localhost].[/]       : Initializing Spring embedded WebApplicationContext
2020-05-22 15:20:19.341 DEBUG 3060 --- [main] o.s.web.context.ContextLoader            : Published root WebApplicationContext as ServletContext attribute with name [org.springframework.web.context.WebApplicationContext.ROOT]
2020-05-22 15:20:19.341  INFO 3060 --- [main] o.s.web.context.ContextLoader            : Root WebApplicationContext: initialization completed in 828 ms
2020-05-22 15:20:19.468  INFO 3060 --- [main] o.s.s.concurrent.ThreadPoolTaskExecutor  : Initializing ExecutorService 'applicationTaskExecutor'
2020-05-22 15:20:19.475 DEBUG 3060 --- [main] s.w.s.m.m.a.RequestMappingHandlerAdapter : ControllerAdvice beans: 0 @ModelAttribute, 0 @InitBinder, 1 RequestBodyAdvice, 1 ResponseBodyAdvice
2020-05-22 15:20:19.513 DEBUG 3060 --- [main] s.w.s.m.m.a.RequestMappingHandlerMapping : 3 mappings in 'requestMappingHandlerMapping'
2020-05-22 15:20:19.530 DEBUG 3060 --- [main] o.s.w.s.handler.SimpleUrlHandlerMapping  : Patterns [/webjars/**, /**] in 'resourceHandlerMapping'
2020-05-22 15:20:19.535 DEBUG 3060 --- [main] .m.m.a.ExceptionHandlerExceptionResolver : ControllerAdvice beans: 0 @ExceptionHandler, 1 ResponseBodyAdvice
2020-05-22 15:20:19.606  INFO 3060 --- [main] o.s.b.w.embedded.tomcat.TomcatWebServer  : Tomcat started on port(s): 8080 (http) with context path ''
2020-05-22 15:20:19.614  INFO 3060 --- [main] c.e.s.SpringbootLogApplication           : Started SpringbootLogApplication in 1.471 seconds (JVM running for 2.031)
2020-05-22 15:20:32.080  INFO 3060 --- [http-nio-8080-exec-1] o.a.c.c.C.[Tomcat].[localhost].[/]       : Initializing Spring DispatcherServlet 'dispatcherServlet'
2020-05-22 15:20:32.080  INFO 3060 --- [http-nio-8080-exec-1] o.s.web.servlet.DispatcherServlet        : Initializing Servlet 'dispatcherServlet'
2020-05-22 15:20:32.080 DEBUG 3060 --- [http-nio-8080-exec-1] o.s.web.servlet.DispatcherServlet        : Detected StandardServletMultipartResolver
2020-05-22 15:20:32.084 DEBUG 3060 --- [http-nio-8080-exec-1] o.s.web.servlet.DispatcherServlet        : enableLoggingRequestDetails='false': request parameters and headers will be masked to prevent unsafe logging of potentially sensitive data
2020-05-22 15:20:32.085  INFO 3060 --- [http-nio-8080-exec-1] o.s.web.servlet.DispatcherServlet        : Completed initialization in 5 ms
2020-05-22 15:20:32.092 DEBUG 3060 --- [http-nio-8080-exec-1] o.s.web.servlet.DispatcherServlet        : GET "/test", parameters={}
2020-05-22 15:20:32.094 DEBUG 3060 --- [http-nio-8080-exec-1] s.w.s.m.m.a.RequestMappingHandlerMapping : Mapped to com.example.springbootlog.controller.MyController#test()
2020-05-22 15:20:32.112 DEBUG 3060 --- [http-nio-8080-exec-1] m.m.a.RequestResponseBodyMethodProcessor : Using 'text/html', given [text/html, application/xhtml+xml, image/webp, image/apng, application/xml;q=0.9, application/signed-exchange;v=b3;q=0.9, */*;q=0.8] and supported [text/plain, */*, text/plain, */*, application/json, application/*+json, application/json, application/*+json]
2020-05-22 15:20:32.112 DEBUG 3060 --- [http-nio-8080-exec-1] m.m.a.RequestResponseBodyMethodProcessor : Writing ["hello world"]
2020-05-22 15:20:32.119 DEBUG 3060 --- [http-nio-8080-exec-1] o.s.web.servlet.DispatcherServlet        : Completed 200 OK
2020-05-22 15:22:12.266 DEBUG 3060 --- [http-nio-8080-exec-4] o.s.web.servlet.DispatcherServlet        : GET "/test", parameters={}
2020-05-22 15:22:12.267 DEBUG 3060 --- [http-nio-8080-exec-4] s.w.s.m.m.a.RequestMappingHandlerMapping : Mapped to com.example.springbootlog.controller.MyController#test()
2020-05-22 15:22:12.268 DEBUG 3060 --- [http-nio-8080-exec-4] m.m.a.RequestResponseBodyMethodProcessor : Using 'text/html', given [text/html, application/xhtml+xml, image/webp, image/apng, application/xml;q=0.9, application/signed-exchange;v=b3;q=0.9, */*;q=0.8] and supported [text/plain, */*, text/plain, */*, application/json, application/*+json, application/json, application/*+json]
2020-05-22 15:22:12.268 DEBUG 3060 --- [http-nio-8080-exec-4] m.m.a.RequestResponseBodyMethodProcessor : Writing ["hello world"]
2020-05-22 15:22:12.269 DEBUG 3060 --- [http-nio-8080-exec-4] o.s.web.servlet.DispatcherServlet        : Completed 200 OK
2020-05-22 15:22:30.266 DEBUG 3060 --- [http-nio-8080-exec-6] o.s.web.servlet.DispatcherServlet        : GET "/test", parameters={}
2020-05-22 15:22:30.267 DEBUG 3060 --- [http-nio-8080-exec-6] s.w.s.m.m.a.RequestMappingHandlerMapping : Mapped to com.example.springbootlog.controller.MyController#test()
2020-05-22 15:22:30.268 DEBUG 3060 --- [http-nio-8080-exec-6] m.m.a.RequestResponseBodyMethodProcessor : Using 'text/html', given [text/html, application/xhtml+xml, image/webp, image/apng, application/xml;q=0.9, application/signed-exchange;v=b3;q=0.9, */*;q=0.8] and supported [text/plain, */*, text/plain, */*, application/json, application/*+json, application/json, application/*+json]
2020-05-22 15:22:30.268 DEBUG 3060 --- [http-nio-8080-exec-6] m.m.a.RequestResponseBodyMethodProcessor : Writing ["hello world"]
2020-05-22 15:22:30.269 DEBUG 3060 --- [http-nio-8080-exec-6] o.s.web.servlet.DispatcherServlet        : Completed 200 OK
